d:\documents\projects\princessengine\bobbleprincess\bin_int\debug_x64\princess\vc142.pdb
d:\documents\projects\princessengine\bobbleprincess\bin_int\debug_x64\princess\vc142.idb
d:\documents\projects\princessengine\bobbleprincess\bin_int\debug_x64\princess\transform.obj
d:\documents\projects\princessengine\bobbleprincess\bin_int\debug_x64\princess\texture2d.obj
d:\documents\projects\princessengine\bobbleprincess\bin_int\debug_x64\princess\textobject.obj
d:\documents\projects\princessengine\bobbleprincess\bin_int\debug_x64\princess\scenemanager.obj
d:\documents\projects\princessengine\bobbleprincess\bin_int\debug_x64\princess\scene.obj
d:\documents\projects\princessengine\bobbleprincess\bin_int\debug_x64\princess\resourcemanager.obj
d:\documents\projects\princessengine\bobbleprincess\bin_int\debug_x64\princess\renderer.obj
d:\documents\projects\princessengine\bobbleprincess\bin_int\debug_x64\princess\inputmanager.obj
d:\documents\projects\princessengine\bobbleprincess\bin_int\debug_x64\princess\gameobject.obj
d:\documents\projects\princessengine\bobbleprincess\bin_int\debug_x64\princess\font.obj
d:\documents\projects\princessengine\bobbleprincess\bin_int\debug_x64\princess\enginepch.obj
d:\documents\projects\princessengine\bobbleprincess\bin_int\debug_x64\princess\engine.obj
d:\documents\projects\princessengine\bobbleprincess\bin\debug_x64\princess\princess.ilk
d:\documents\projects\princessengine\bobbleprincess\bin\debug_x64\princess\princess.dll
d:\documents\projects\princessengine\bobbleprincess\bin\debug_x64\princess\princess.pdb
d:\documents\projects\princessengine\bobbleprincess\bin\debug_x64\princess\princess.lib
d:\documents\projects\princessengine\bobbleprincess\bin\debug_x64\princess\princess.exp
d:\documents\projects\princessengine\bobbleprincess\bin_int\debug_x64\princess\princess.tlog\cl.command.1.tlog
d:\documents\projects\princessengine\bobbleprincess\bin_int\debug_x64\princess\princess.tlog\cl.read.1.tlog
d:\documents\projects\princessengine\bobbleprincess\bin_int\debug_x64\princess\princess.tlog\cl.write.1.tlog
d:\documents\projects\princessengine\bobbleprincess\bin_int\debug_x64\princess\princess.tlog\link.command.1.tlog
d:\documents\projects\princessengine\bobbleprincess\bin_int\debug_x64\princess\princess.tlog\link.read.1.tlog
d:\documents\projects\princessengine\bobbleprincess\bin_int\debug_x64\princess\princess.tlog\link.write.1.tlog
d:\documents\projects\princessengine\bobbleprincess\bin_int\debug_x64\princess\princess.tlog\princess.write.1u.tlog
