d:\documents\projects\princessengine\bobbleprincess\bin_int\release_win32\princess\vc142.pdb
d:\documents\projects\princessengine\bobbleprincess\bin_int\release_win32\princess\transform.obj
d:\documents\projects\princessengine\bobbleprincess\bin_int\release_win32\princess\texture2d.obj
d:\documents\projects\princessengine\bobbleprincess\bin_int\release_win32\princess\textobject.obj
d:\documents\projects\princessengine\bobbleprincess\bin_int\release_win32\princess\scenemanager.obj
d:\documents\projects\princessengine\bobbleprincess\bin_int\release_win32\princess\scene.obj
d:\documents\projects\princessengine\bobbleprincess\bin_int\release_win32\princess\resourcemanager.obj
d:\documents\projects\princessengine\bobbleprincess\bin_int\release_win32\princess\renderer.obj
d:\documents\projects\princessengine\bobbleprincess\bin_int\release_win32\princess\inputmanager.obj
d:\documents\projects\princessengine\bobbleprincess\bin_int\release_win32\princess\gameobject.obj
d:\documents\projects\princessengine\bobbleprincess\bin_int\release_win32\princess\font.obj
d:\documents\projects\princessengine\bobbleprincess\bin_int\release_win32\princess\entitysystem.obj
d:\documents\projects\princessengine\bobbleprincess\bin_int\release_win32\princess\enginepch.obj
d:\documents\projects\princessengine\bobbleprincess\bin_int\release_win32\princess\engine.obj
d:\documents\projects\princessengine\bobbleprincess\bin_int\release_win32\princess\componentmanager.obj
d:\documents\projects\princessengine\bobbleprincess\bin_int\release_win32\princess\componentallocator.obj
d:\documents\projects\princessengine\bobbleprincess\bin_int\release_win32\princess\exception.obj
d:\documents\projects\princessengine\bobbleprincess\bin\release_win32\princess\princess.dll
d:\documents\projects\princessengine\bobbleprincess\bin\release_win32\princess\princess.pdb
d:\documents\projects\princessengine\bobbleprincess\bin\release_win32\princess\princess.ipdb
d:\documents\projects\princessengine\bobbleprincess\bin\release_win32\princess\princess.iobj
d:\documents\projects\princessengine\bobbleprincess\bin_int\release_win32\princess\princess.tlog\cl.command.1.tlog
d:\documents\projects\princessengine\bobbleprincess\bin_int\release_win32\princess\princess.tlog\cl.read.1.tlog
d:\documents\projects\princessengine\bobbleprincess\bin_int\release_win32\princess\princess.tlog\cl.write.1.tlog
d:\documents\projects\princessengine\bobbleprincess\bin_int\release_win32\princess\princess.tlog\link.command.1.tlog
d:\documents\projects\princessengine\bobbleprincess\bin_int\release_win32\princess\princess.tlog\link.read.1.tlog
d:\documents\projects\princessengine\bobbleprincess\bin_int\release_win32\princess\princess.tlog\link.write.1.tlog
d:\documents\projects\princessengine\bobbleprincess\bin_int\release_win32\princess\princess.tlog\princess.write.1u.tlog
