  Engine.cpp
  EnginePCH.cpp
  Font.cpp
  GameObject.cpp
  InputManager.cpp
  Renderer.cpp
  ResourceManager.cpp
  Scene.cpp
  SceneManager.cpp
  TextObject.cpp
  Texture2D.cpp
  Transform.cpp
     Creating library D:\Documents\Projects\PrincessEngine\BobblePrincess\bin\Release_Win32\Princess\Princess.lib and object D:\Documents\Projects\PrincessEngine\BobblePrincess\bin\Release_Win32\Princess\Princess.exp
  Generating code
  Previous IPDB not found, fall back to full compilation.
  All 362 functions were compiled because no usable IPDB/IOBJ from previous compilation was found.
  Finished generating code
  Princess.vcxproj -> D:\Documents\Projects\PrincessEngine\BobblePrincess\bin\Release_Win32\Princess\Princess.dll
  D:\Documents\Projects\PrincessEngine\BobblePrincess\bin\Release_Win32\Princess\Princess.dll
  1 File(s) copied
  D:\Documents\Projects\PrincessEngine\BobblePrincess\3rdParty\SDL2\lib\x86\SDL2.dll
  1 File(s) copied
  D:\Documents\Projects\PrincessEngine\BobblePrincess\3rdParty\SDL2_image\lib\x86\libjpeg-9.dll
  D:\Documents\Projects\PrincessEngine\BobblePrincess\3rdParty\SDL2_image\lib\x86\libpng16-16.dll
  D:\Documents\Projects\PrincessEngine\BobblePrincess\3rdParty\SDL2_image\lib\x86\libtiff-5.dll
  D:\Documents\Projects\PrincessEngine\BobblePrincess\3rdParty\SDL2_image\lib\x86\libwebp-7.dll
  D:\Documents\Projects\PrincessEngine\BobblePrincess\3rdParty\SDL2_image\lib\x86\SDL2_image.dll
  D:\Documents\Projects\PrincessEngine\BobblePrincess\3rdParty\SDL2_image\lib\x86\zlib1.dll
  6 File(s) copied
  D:\Documents\Projects\PrincessEngine\BobblePrincess\3rdParty\SDL2_ttf\lib\x86\libfreetype-6.dll
  D:\Documents\Projects\PrincessEngine\BobblePrincess\3rdParty\SDL2_ttf\lib\x86\SDL2_ttf.dll
  2 File(s) copied
