d:\documents\projects\princessengine\bobbleprincess\bin\debug_win32\princess\princess.pdb
d:\documents\projects\princessengine\bobbleprincess\bin\debug_win32\princess\princess.idb
d:\documents\projects\princessengine\bobbleprincess\bin\debug_win32\princess\systemmanager.obj
d:\documents\projects\princessengine\bobbleprincess\bin\debug_win32\princess\transform.obj
d:\documents\projects\princessengine\bobbleprincess\bin\debug_win32\princess\texture2d.obj
d:\documents\projects\princessengine\bobbleprincess\bin\debug_win32\princess\textobject.obj
d:\documents\projects\princessengine\bobbleprincess\bin\debug_win32\princess\scenemanager.obj
d:\documents\projects\princessengine\bobbleprincess\bin\debug_win32\princess\scene.obj
d:\documents\projects\princessengine\bobbleprincess\bin\debug_win32\princess\resourcemanager.obj
d:\documents\projects\princessengine\bobbleprincess\bin\debug_win32\princess\renderer.obj
d:\documents\projects\princessengine\bobbleprincess\bin\debug_win32\princess\inputmanager.obj
d:\documents\projects\princessengine\bobbleprincess\bin\debug_win32\princess\gameobject.obj
d:\documents\projects\princessengine\bobbleprincess\bin\debug_win32\princess\font.obj
d:\documents\projects\princessengine\bobbleprincess\bin\debug_win32\princess\entitysystem.obj
d:\documents\projects\princessengine\bobbleprincess\bin\debug_win32\princess\enginepch.obj
d:\documents\projects\princessengine\bobbleprincess\bin\debug_win32\princess\engine.obj
d:\documents\projects\princessengine\bobbleprincess\bin\debug_win32\princess\exception.obj
d:\documents\projects\princessengine\bobbleprincess\bin\debug_win32\princess\commands.obj
d:\documents\projects\princessengine\bobbleprincess\bin\debug_win32\princess\princess.lib
d:\documents\projects\princessengine\bobbleprincess\bin\debug_win32\princess\princess.tlog\cl.command.1.tlog
d:\documents\projects\princessengine\bobbleprincess\bin\debug_win32\princess\princess.tlog\cl.read.1.tlog
d:\documents\projects\princessengine\bobbleprincess\bin\debug_win32\princess\princess.tlog\cl.write.1.tlog
d:\documents\projects\princessengine\bobbleprincess\bin\debug_win32\princess\princess.tlog\lib-link.read.1.tlog
d:\documents\projects\princessengine\bobbleprincess\bin\debug_win32\princess\princess.tlog\lib-link.write.1.tlog
d:\documents\projects\princessengine\bobbleprincess\bin\debug_win32\princess\princess.tlog\lib.command.1.tlog
