d:\documents\projects\princessengine\bobbleprincess\bin\release_x64\princess\princess.pdb
d:\documents\projects\princessengine\bobbleprincess\bin\release_x64\princess\transform.obj
d:\documents\projects\princessengine\bobbleprincess\bin\release_x64\princess\texture2d.obj
d:\documents\projects\princessengine\bobbleprincess\bin\release_x64\princess\textobject.obj
d:\documents\projects\princessengine\bobbleprincess\bin\release_x64\princess\scenemanager.obj
d:\documents\projects\princessengine\bobbleprincess\bin\release_x64\princess\scene.obj
d:\documents\projects\princessengine\bobbleprincess\bin\release_x64\princess\resourcemanager.obj
d:\documents\projects\princessengine\bobbleprincess\bin\release_x64\princess\renderer.obj
d:\documents\projects\princessengine\bobbleprincess\bin\release_x64\princess\inputmanager.obj
d:\documents\projects\princessengine\bobbleprincess\bin\release_x64\princess\gameobject.obj
d:\documents\projects\princessengine\bobbleprincess\bin\release_x64\princess\font.obj
d:\documents\projects\princessengine\bobbleprincess\bin\release_x64\princess\entitysystem.obj
d:\documents\projects\princessengine\bobbleprincess\bin\release_x64\princess\enginepch.obj
d:\documents\projects\princessengine\bobbleprincess\bin\release_x64\princess\engine.obj
d:\documents\projects\princessengine\bobbleprincess\bin\release_x64\princess\componentmanager.obj
d:\documents\projects\princessengine\bobbleprincess\bin\release_x64\princess\componentallocator.obj
d:\documents\projects\princessengine\bobbleprincess\bin\release_x64\princess\exception.obj
d:\documents\projects\princessengine\bobbleprincess\bin\release_x64\princess\princess.lib
d:\documents\projects\princessengine\bobbleprincess\bin\release_x64\princess\princess.ipdb
d:\documents\projects\princessengine\bobbleprincess\bin\release_x64\princess\princess.iobj
d:\documents\projects\princessengine\bobbleprincess\bin\release_x64\princess\vc142.pdb
d:\documents\projects\princessengine\bobbleprincess\bin\release_x64\princess\princess.tlog\cl.command.1.tlog
d:\documents\projects\princessengine\bobbleprincess\bin\release_x64\princess\princess.tlog\cl.read.1.tlog
d:\documents\projects\princessengine\bobbleprincess\bin\release_x64\princess\princess.tlog\cl.write.1.tlog
d:\documents\projects\princessengine\bobbleprincess\bin\release_x64\princess\princess.tlog\lib-link.read.1.tlog
d:\documents\projects\princessengine\bobbleprincess\bin\release_x64\princess\princess.tlog\lib-link.write.1.tlog
d:\documents\projects\princessengine\bobbleprincess\bin\release_x64\princess\princess.tlog\lib.command.1.tlog
d:\documents\projects\princessengine\bobbleprincess\bin\release_x64\princess\princess.tlog\link.command.1.tlog
d:\documents\projects\princessengine\bobbleprincess\bin\release_x64\princess\princess.tlog\link.read.1.tlog
d:\documents\projects\princessengine\bobbleprincess\bin\release_x64\princess\princess.tlog\link.write.1.tlog
d:\documents\projects\princessengine\bobbleprincess\bin\release_x64\princess\princess.tlog\princess.write.1u.tlog
