  Engine.cpp
     Creating library D:\Documents\Projects\PrincessEngine\BobblePrincess\bin\Release_x64\Princess\Princess.lib and object D:\Documents\Projects\PrincessEngine\BobblePrincess\bin\Release_x64\Princess\Princess.exp
  Generating code
  0 of 289 functions ( 0.0%) were compiled, the rest were copied from previous compilation.
    0 functions were new in current compilation
    0 functions had inline decision re-evaluated but remain unchanged
  Finished generating code
  Princess.vcxproj -> D:\Documents\Projects\PrincessEngine\BobblePrincess\bin\Release_x64\Princess\Princess.dll
  D:\Documents\Projects\PrincessEngine\BobblePrincess\bin\Release_x64\Princess\Princess.dll
  1 File(s) copied
  D:\Documents\Projects\PrincessEngine\BobblePrincess\3rdParty\SDL2\lib\x64\SDL2.dll
  1 File(s) copied
  D:\Documents\Projects\PrincessEngine\BobblePrincess\3rdParty\SDL2_image\lib\x64\libjpeg-9.dll
  D:\Documents\Projects\PrincessEngine\BobblePrincess\3rdParty\SDL2_image\lib\x64\libpng16-16.dll
  D:\Documents\Projects\PrincessEngine\BobblePrincess\3rdParty\SDL2_image\lib\x64\libtiff-5.dll
  D:\Documents\Projects\PrincessEngine\BobblePrincess\3rdParty\SDL2_image\lib\x64\libwebp-7.dll
  D:\Documents\Projects\PrincessEngine\BobblePrincess\3rdParty\SDL2_image\lib\x64\SDL2_image.dll
  D:\Documents\Projects\PrincessEngine\BobblePrincess\3rdParty\SDL2_image\lib\x64\zlib1.dll
  6 File(s) copied
  D:\Documents\Projects\PrincessEngine\BobblePrincess\3rdParty\SDL2_ttf\lib\x64\libfreetype-6.dll
  D:\Documents\Projects\PrincessEngine\BobblePrincess\3rdParty\SDL2_ttf\lib\x64\SDL2_ttf.dll
  2 File(s) copied
