d:\documents\projects\princessengine\bobbleprincess\bin\release_win32\bubblebobble\bubblebobble.ipdb
d:\documents\projects\princessengine\bobbleprincess\bin\release_win32\bubblebobble\bubblebobble.iobj
d:\documents\projects\princessengine\bobbleprincess\bin\release_win32\bubblebobble\vc142.pdb
d:\documents\projects\princessengine\bobbleprincess\bin\release_win32\bubblebobble\main.obj
d:\documents\projects\princessengine\bobbleprincess\bin\release_win32\bubblebobble\bubblebobble.exe
d:\documents\projects\princessengine\bobbleprincess\bin\release_win32\bubblebobble\bubblebobble.pdb
d:\documents\projects\princessengine\bobbleprincess\bin\release_win32\bubblebobble\libfreetype-6.dll
d:\documents\projects\princessengine\bobbleprincess\bin\release_win32\bubblebobble\libjpeg-9.dll
d:\documents\projects\princessengine\bobbleprincess\bin\release_win32\bubblebobble\libpng16-16.dll
d:\documents\projects\princessengine\bobbleprincess\bin\release_win32\bubblebobble\libtiff-5.dll
d:\documents\projects\princessengine\bobbleprincess\bin\release_win32\bubblebobble\libwebp-7.dll
d:\documents\projects\princessengine\bobbleprincess\bin\release_win32\bubblebobble\sdl2.dll
d:\documents\projects\princessengine\bobbleprincess\bin\release_win32\bubblebobble\sdl2_image.dll
d:\documents\projects\princessengine\bobbleprincess\bin\release_win32\bubblebobble\sdl2_ttf.dll
d:\documents\projects\princessengine\bobbleprincess\bin\release_win32\bubblebobble\zlib1.dll
d:\documents\projects\princessengine\bobbleprincess\bin\release_win32\bubblebobble\bubblebobble.tlog\bubblebobble.write.1u.tlog
d:\documents\projects\princessengine\bobbleprincess\bin\release_win32\bubblebobble\bubblebobble.tlog\cl.command.1.tlog
d:\documents\projects\princessengine\bobbleprincess\bin\release_win32\bubblebobble\bubblebobble.tlog\cl.read.1.tlog
d:\documents\projects\princessengine\bobbleprincess\bin\release_win32\bubblebobble\bubblebobble.tlog\cl.write.1.tlog
d:\documents\projects\princessengine\bobbleprincess\bin\release_win32\bubblebobble\bubblebobble.tlog\link.command.1.tlog
d:\documents\projects\princessengine\bobbleprincess\bin\release_win32\bubblebobble\bubblebobble.tlog\link.read.1.tlog
d:\documents\projects\princessengine\bobbleprincess\bin\release_win32\bubblebobble\bubblebobble.tlog\link.write.1.tlog
