  Commands.cpp
  Engine.cpp
  EnginePCH.cpp
  EntitySystem.cpp
  Exception.cpp
  Font.cpp
  GameObject.cpp
  Renderer.cpp
  ResourceManager.cpp
  Scene.cpp
  SceneManager.cpp
  SystemManager.cpp
  TextObject.cpp
  Texture2D.cpp
  Transform.cpp
  Princess.vcxproj -> D:\Documents\Projects\PrincessEngine\BobblePrincess\bin\Release_Win32\Princess\Princess.lib
  File not found - Princess.dll
  0 File(s) copied
  D:\Documents\Projects\PrincessEngine\BobblePrincess\3rdParty\SDL2\lib\x86\SDL2.dll
  1 File(s) copied
  D:\Documents\Projects\PrincessEngine\BobblePrincess\3rdParty\SDL2_image\lib\x86\libjpeg-9.dll
  D:\Documents\Projects\PrincessEngine\BobblePrincess\3rdParty\SDL2_image\lib\x86\libpng16-16.dll
  D:\Documents\Projects\PrincessEngine\BobblePrincess\3rdParty\SDL2_image\lib\x86\libtiff-5.dll
  D:\Documents\Projects\PrincessEngine\BobblePrincess\3rdParty\SDL2_image\lib\x86\libwebp-7.dll
  D:\Documents\Projects\PrincessEngine\BobblePrincess\3rdParty\SDL2_image\lib\x86\SDL2_image.dll
  D:\Documents\Projects\PrincessEngine\BobblePrincess\3rdParty\SDL2_image\lib\x86\zlib1.dll
  6 File(s) copied
  D:\Documents\Projects\PrincessEngine\BobblePrincess\3rdParty\SDL2_ttf\lib\x86\libfreetype-6.dll
  D:\Documents\Projects\PrincessEngine\BobblePrincess\3rdParty\SDL2_ttf\lib\x86\SDL2_ttf.dll
  2 File(s) copied
