  Exception.cpp
  ComponentAllocator.cpp
  ComponentManager.cpp
  Engine.cpp
  EnginePCH.cpp
  EntitySystem.cpp
  Font.cpp
  GameObject.cpp
  InputManager.cpp
  Renderer.cpp
  ResourceManager.cpp
  Scene.cpp
  SceneManager.cpp
  TextObject.cpp
  Texture2D.cpp
  Transform.cpp
  Generating Code...
  Princess.vcxproj -> D:\Documents\Projects\PrincessEngine\BobblePrincess\bin\Debug_x64\Princess\Princess.lib
  D:\Documents\Projects\PrincessEngine\BobblePrincess\bin\Debug_x64\Princess\Princess.lib
  1 File(s) copied
  D:\Documents\Projects\PrincessEngine\BobblePrincess\3rdParty\SDL2\lib\x64\SDL2.dll
  1 File(s) copied
  D:\Documents\Projects\PrincessEngine\BobblePrincess\3rdParty\SDL2_image\lib\x64\libjpeg-9.dll
  D:\Documents\Projects\PrincessEngine\BobblePrincess\3rdParty\SDL2_image\lib\x64\libpng16-16.dll
  D:\Documents\Projects\PrincessEngine\BobblePrincess\3rdParty\SDL2_image\lib\x64\libtiff-5.dll
  D:\Documents\Projects\PrincessEngine\BobblePrincess\3rdParty\SDL2_image\lib\x64\libwebp-7.dll
  D:\Documents\Projects\PrincessEngine\BobblePrincess\3rdParty\SDL2_image\lib\x64\SDL2_image.dll
  D:\Documents\Projects\PrincessEngine\BobblePrincess\3rdParty\SDL2_image\lib\x64\zlib1.dll
  6 File(s) copied
  D:\Documents\Projects\PrincessEngine\BobblePrincess\3rdParty\SDL2_ttf\lib\x64\libfreetype-6.dll
  D:\Documents\Projects\PrincessEngine\BobblePrincess\3rdParty\SDL2_ttf\lib\x64\SDL2_ttf.dll
  2 File(s) copied
